<?xml version="1.0" encoding="UTF-8"?>
<testng-results ignored="0" total="8" passed="8" failed="0" skipped="0">
  <reporter-output>
  </reporter-output>
  <suite started-at="2022-09-18T13:55:43 IST" name="Suite" finished-at="2022-09-18T13:55:44 IST" duration-ms="1127">
    <groups>
    </groups>
    <test started-at="2022-09-18T13:55:43 IST" name="Test" finished-at="2022-09-18T13:55:44 IST" duration-ms="1127">
      <class name="Pack1.TestNG">
        <test-method is-config="true" signature="beforeSuite()[pri:0, instance:Pack1.TestNG@3911c2a7]" started-at="2022-09-18T13:55:43 IST" name="beforeSuite" finished-at="2022-09-18T13:55:43 IST" duration-ms="279" status="PASS">
          <reporter-output>
          </reporter-output>
        </test-method> <!-- beforeSuite -->
        <test-method is-config="true" signature="beforeTest()[pri:0, instance:Pack1.TestNG@3911c2a7]" started-at="2022-09-18T13:55:43 IST" name="beforeTest" finished-at="2022-09-18T13:55:43 IST" duration-ms="1" status="PASS">
          <reporter-output>
          </reporter-output>
        </test-method> <!-- beforeTest -->
        <test-method is-config="true" signature="beforeclass()[pri:0, instance:Pack1.TestNG@3911c2a7]" started-at="2022-09-18T13:55:44 IST" name="beforeclass" finished-at="2022-09-18T13:55:44 IST" duration-ms="1" status="PASS">
          <reporter-output>
          </reporter-output>
        </test-method> <!-- beforeclass -->
        <test-method is-config="true" signature="beforemethod()[pri:0, instance:Pack1.TestNG@3911c2a7]" started-at="2022-09-18T13:55:44 IST" name="beforemethod" finished-at="2022-09-18T13:55:44 IST" duration-ms="1" status="PASS">
          <reporter-output>
          </reporter-output>
        </test-method> <!-- beforemethod -->
        <test-method signature="test1()[pri:0, instance:Pack1.TestNG@3911c2a7]" started-at="2022-09-18T13:55:44 IST" name="test1" finished-at="2022-09-18T13:55:44 IST" duration-ms="471" status="PASS">
          <reporter-output>
          </reporter-output>
        </test-method> <!-- test1 -->
        <test-method is-config="true" signature="aftermethod()[pri:0, instance:Pack1.TestNG@3911c2a7]" started-at="2022-09-18T13:55:44 IST" name="aftermethod" finished-at="2022-09-18T13:55:44 IST" duration-ms="2" status="PASS">
          <reporter-output>
          </reporter-output>
        </test-method> <!-- aftermethod -->
        <test-method is-config="true" signature="beforemethod()[pri:0, instance:Pack1.TestNG@3911c2a7]" started-at="2022-09-18T13:55:44 IST" name="beforemethod" finished-at="2022-09-18T13:55:44 IST" duration-ms="0" status="PASS">
          <reporter-output>
          </reporter-output>
        </test-method> <!-- beforemethod -->
        <test-method signature="test2()[pri:0, instance:Pack1.TestNG@3911c2a7]" started-at="2022-09-18T13:55:44 IST" name="test2" finished-at="2022-09-18T13:55:44 IST" duration-ms="3" status="PASS">
          <reporter-output>
          </reporter-output>
        </test-method> <!-- test2 -->
        <test-method is-config="true" signature="aftermethod()[pri:0, instance:Pack1.TestNG@3911c2a7]" started-at="2022-09-18T13:55:44 IST" name="aftermethod" finished-at="2022-09-18T13:55:44 IST" duration-ms="0" status="PASS">
          <reporter-output>
          </reporter-output>
        </test-method> <!-- aftermethod -->
        <test-method is-config="true" signature="beforemethod()[pri:0, instance:Pack1.TestNG@3911c2a7]" started-at="2022-09-18T13:55:44 IST" name="beforemethod" finished-at="2022-09-18T13:55:44 IST" duration-ms="1" status="PASS">
          <reporter-output>
          </reporter-output>
        </test-method> <!-- beforemethod -->
        <test-method signature="test3()[pri:0, instance:Pack1.TestNG@3911c2a7]" started-at="2022-09-18T13:55:44 IST" name="test3" finished-at="2022-09-18T13:55:44 IST" duration-ms="3" status="PASS">
          <reporter-output>
          </reporter-output>
        </test-method> <!-- test3 -->
        <test-method is-config="true" signature="aftermethod()[pri:0, instance:Pack1.TestNG@3911c2a7]" started-at="2022-09-18T13:55:44 IST" name="aftermethod" finished-at="2022-09-18T13:55:44 IST" duration-ms="1" status="PASS">
          <reporter-output>
          </reporter-output>
        </test-method> <!-- aftermethod -->
        <test-method is-config="true" signature="beforemethod()[pri:0, instance:Pack1.TestNG@3911c2a7]" started-at="2022-09-18T13:55:44 IST" name="beforemethod" finished-at="2022-09-18T13:55:44 IST" duration-ms="1" status="PASS">
          <reporter-output>
          </reporter-output>
        </test-method> <!-- beforemethod -->
        <test-method signature="test4()[pri:0, instance:Pack1.TestNG@3911c2a7]" started-at="2022-09-18T13:55:44 IST" name="test4" finished-at="2022-09-18T13:55:44 IST" duration-ms="3" status="PASS">
          <reporter-output>
          </reporter-output>
        </test-method> <!-- test4 -->
        <test-method is-config="true" signature="aftermethod()[pri:0, instance:Pack1.TestNG@3911c2a7]" started-at="2022-09-18T13:55:44 IST" name="aftermethod" finished-at="2022-09-18T13:55:44 IST" duration-ms="2" status="PASS">
          <reporter-output>
          </reporter-output>
        </test-method> <!-- aftermethod -->
        <test-method is-config="true" signature="afterclass()[pri:0, instance:Pack1.TestNG@3911c2a7]" started-at="2022-09-18T13:55:44 IST" name="afterclass" finished-at="2022-09-18T13:55:44 IST" duration-ms="1" status="PASS">
          <reporter-output>
          </reporter-output>
        </test-method> <!-- afterclass -->
        <test-method is-config="true" signature="aftertest()[pri:0, instance:Pack1.TestNG@3911c2a7]" started-at="2022-09-18T13:55:44 IST" name="aftertest" finished-at="2022-09-18T13:55:44 IST" duration-ms="1" status="PASS">
          <reporter-output>
          </reporter-output>
        </test-method> <!-- aftertest -->
        <test-method is-config="true" signature="aftersuite()[pri:0, instance:Pack1.TestNG@3911c2a7]" started-at="2022-09-18T13:55:50 IST" name="aftersuite" finished-at="2022-09-18T13:55:50 IST" duration-ms="1" status="PASS">
          <reporter-output>
          </reporter-output>
        </test-method> <!-- aftersuite -->
      </class> <!-- Pack1.TestNG -->
      <class name="Pack1.Testclass12">
        <test-method is-config="true" signature="beforeSuite()[pri:0, instance:Pack1.Testclass12@2145b572]" started-at="2022-09-18T13:55:43 IST" name="beforeSuite" finished-at="2022-09-18T13:55:43 IST" duration-ms="1" status="PASS">
          <reporter-output>
          </reporter-output>
        </test-method> <!-- beforeSuite -->
        <test-method is-config="true" signature="beforeTest()[pri:0, instance:Pack1.Testclass12@2145b572]" started-at="2022-09-18T13:55:43 IST" name="beforeTest" finished-at="2022-09-18T13:55:43 IST" duration-ms="1" status="PASS">
          <reporter-output>
          </reporter-output>
        </test-method> <!-- beforeTest -->
        <test-method is-config="true" signature="beforeClass()[pri:0, instance:Pack1.Testclass12@2145b572]" started-at="2022-09-18T13:55:44 IST" name="beforeClass" finished-at="2022-09-18T13:55:44 IST" duration-ms="0" status="PASS">
          <reporter-output>
          </reporter-output>
        </test-method> <!-- beforeClass -->
        <test-method is-config="true" signature="beforeMethod()[pri:0, instance:Pack1.Testclass12@2145b572]" started-at="2022-09-18T13:55:44 IST" name="beforeMethod" finished-at="2022-09-18T13:55:44 IST" duration-ms="1" status="PASS">
          <reporter-output>
          </reporter-output>
        </test-method> <!-- beforeMethod -->
        <test-method signature="testA()[pri:0, instance:Pack1.Testclass12@2145b572]" started-at="2022-09-18T13:55:44 IST" name="testA" finished-at="2022-09-18T13:55:44 IST" duration-ms="3" status="PASS">
          <reporter-output>
          </reporter-output>
        </test-method> <!-- testA -->
        <test-method is-config="true" signature="aftermethod()[pri:0, instance:Pack1.Testclass12@2145b572]" started-at="2022-09-18T13:55:44 IST" name="aftermethod" finished-at="2022-09-18T13:55:44 IST" duration-ms="2" status="PASS">
          <reporter-output>
          </reporter-output>
        </test-method> <!-- aftermethod -->
        <test-method is-config="true" signature="beforeMethod()[pri:0, instance:Pack1.Testclass12@2145b572]" started-at="2022-09-18T13:55:44 IST" name="beforeMethod" finished-at="2022-09-18T13:55:44 IST" duration-ms="1" status="PASS">
          <reporter-output>
          </reporter-output>
        </test-method> <!-- beforeMethod -->
        <test-method signature="testB()[pri:0, instance:Pack1.Testclass12@2145b572]" started-at="2022-09-18T13:55:44 IST" name="testB" finished-at="2022-09-18T13:55:44 IST" duration-ms="3" status="PASS">
          <reporter-output>
          </reporter-output>
        </test-method> <!-- testB -->
        <test-method is-config="true" signature="aftermethod()[pri:0, instance:Pack1.Testclass12@2145b572]" started-at="2022-09-18T13:55:44 IST" name="aftermethod" finished-at="2022-09-18T13:55:44 IST" duration-ms="6" status="PASS">
          <reporter-output>
          </reporter-output>
        </test-method> <!-- aftermethod -->
        <test-method signature="testC()[pri:0, instance:Pack1.Testclass12@2145b572]" started-at="2022-09-18T13:55:44 IST" name="testC" finished-at="2022-09-18T13:55:44 IST" duration-ms="4" status="PASS">
          <reporter-output>
          </reporter-output>
        </test-method> <!-- testC -->
        <test-method is-config="true" signature="beforeMethod()[pri:0, instance:Pack1.Testclass12@2145b572]" started-at="2022-09-18T13:55:44 IST" name="beforeMethod" finished-at="2022-09-18T13:55:44 IST" duration-ms="0" status="PASS">
          <reporter-output>
          </reporter-output>
        </test-method> <!-- beforeMethod -->
        <test-method is-config="true" signature="aftermethod()[pri:0, instance:Pack1.Testclass12@2145b572]" started-at="2022-09-18T13:55:44 IST" name="aftermethod" finished-at="2022-09-18T13:55:44 IST" duration-ms="2" status="PASS">
          <reporter-output>
          </reporter-output>
        </test-method> <!-- aftermethod -->
        <test-method is-config="true" signature="beforeMethod()[pri:0, instance:Pack1.Testclass12@2145b572]" started-at="2022-09-18T13:55:44 IST" name="beforeMethod" finished-at="2022-09-18T13:55:44 IST" duration-ms="0" status="PASS">
          <reporter-output>
          </reporter-output>
        </test-method> <!-- beforeMethod -->
        <test-method signature="testD()[pri:0, instance:Pack1.Testclass12@2145b572]" started-at="2022-09-18T13:55:44 IST" name="testD" finished-at="2022-09-18T13:55:44 IST" duration-ms="4" status="PASS">
          <reporter-output>
          </reporter-output>
        </test-method> <!-- testD -->
        <test-method is-config="true" signature="aftermethod()[pri:0, instance:Pack1.Testclass12@2145b572]" started-at="2022-09-18T13:55:44 IST" name="aftermethod" finished-at="2022-09-18T13:55:44 IST" duration-ms="1" status="PASS">
          <reporter-output>
          </reporter-output>
        </test-method> <!-- aftermethod -->
        <test-method is-config="true" signature="afterClass()[pri:0, instance:Pack1.Testclass12@2145b572]" started-at="2022-09-18T13:55:44 IST" name="afterClass" finished-at="2022-09-18T13:55:44 IST" duration-ms="2" status="PASS">
          <reporter-output>
          </reporter-output>
        </test-method> <!-- afterClass -->
        <test-method is-config="true" signature="aftertest()[pri:0, instance:Pack1.Testclass12@2145b572]" started-at="2022-09-18T13:55:44 IST" name="aftertest" finished-at="2022-09-18T13:55:44 IST" duration-ms="0" status="PASS">
          <reporter-output>
          </reporter-output>
        </test-method> <!-- aftertest -->
        <test-method is-config="true" signature="aftersuite()[pri:0, instance:Pack1.Testclass12@2145b572]" started-at="2022-09-18T13:55:50 IST" name="aftersuite" finished-at="2022-09-18T13:55:50 IST" duration-ms="1" status="PASS">
          <reporter-output>
          </reporter-output>
        </test-method> <!-- aftersuite -->
      </class> <!-- Pack1.Testclass12 -->
    </test> <!-- Test -->
  </suite> <!-- Suite -->
</testng-results>
