<?xml version="1.0" encoding="UTF-8"?>
<!-- Generated by org.testng.reporters.JUnitXMLReporter -->
<testsuite ignored="0" hostname="DESKTOP-U6J26R2" failures="0" tests="8" name="Test" time="1.127" errors="0" timestamp="2022-09-18T13:55:47 IST">
  <testcase classname="Pack1.TestNG" name="test1" time="0.471"/>
  <testcase classname="Pack1.TestNG" name="test2" time="0.003"/>
  <testcase classname="Pack1.TestNG" name="test3" time="0.003"/>
  <testcase classname="Pack1.TestNG" name="test4" time="0.003"/>
  <testcase classname="Pack1.Testclass12" name="testA" time="0.003"/>
  <testcase classname="Pack1.Testclass12" name="testB" time="0.003"/>
  <testcase classname="Pack1.Testclass12" name="testC" time="0.004"/>
  <testcase classname="Pack1.Testclass12" name="testD" time="0.004"/>
</testsuite> <!-- Test -->
