<?xml version="1.0" encoding="UTF-8"?>
<!-- Generated by org.testng.reporters.JUnitXMLReporter -->
<testsuite ignored="0" hostname="DESKTOP-U6J26R2" failures="0" tests="4" name="Default test" time="0.136" errors="0" timestamp="2022-09-18T13:49:59 IST">
  <testcase classname="Pack1.TestNG" name="test1" time="0.014"/>
  <testcase classname="Pack1.TestNG" name="test2" time="0.007"/>
  <testcase classname="Pack1.TestNG" name="test3" time="0.003"/>
  <testcase classname="Pack1.TestNG" name="test4" time="0.003"/>
</testsuite> <!-- Default test -->
